
             Lattice Mapping Report File for Design Module 'top'


Design Information
------------------

Command line:   map -a MachXO2 -p LCMXO2-4000HC -t CSBGA132 -s 4 -oc Commercial
     top_impl1.ngd -o top_impl1_map.ncd -pr top_impl1.prf -mp top_impl1.mrp -lpf
     D:/new porject/top-xu/impl1/top_impl1.lpf -lpf D:/new
     porject/top-xu/top.lpf -c 0 -gui -msgset D:/new porject/top-xu/promote.xml
     
Target Vendor:  LATTICE
Target Device:  LCMXO2-4000HCCSBGA132
Target Performance:   4
Mapper:  xo2c00,  version:  Diamond (64-bit) 3.11.0.396.4
Mapped on:  02/24/21  11:16:44

Design Summary
--------------

   Number of registers:    625 out of  4635 (13%)
      PFU registers:          625 out of  4320 (14%)
      PIO registers:            0 out of   315 (0%)
   Number of SLICEs:      1089 out of  2160 (50%)
      SLICEs as Logic/ROM:   1089 out of  2160 (50%)
      SLICEs as RAM:            0 out of  1620 (0%)
      SLICEs as Carry:        262 out of  2160 (12%)
   Number of LUT4s:        2167 out of  4320 (50%)
      Number used as logic LUTs:        1643
      Number used as distributed RAM:     0
      Number used as ripple logic:      524
      Number used as shift registers:     0
   Number of PIO sites used: 17 + 4(JTAG) out of 105 (20%)
   Number of block RAMs:  0 out of 10 (0%)
   Number of GSRs:        1 out of 1 (100%)
   EFB used :        No
   JTAG used :       No
   Readback used :   No
   Oscillator used : No
   Startup used :    No
   POR :             On
   Bandgap :         On
   Number of Power Controller:  0 out of 1 (0%)
   Number of Dynamic Bank Controller (BCINRD):  0 out of 6 (0%)
   Number of Dynamic Bank Controller (BCLVDSO):  0 out of 1 (0%)
   Number of DCCA:  0 out of 8 (0%)
   Number of DCMA:  0 out of 2 (0%)
   Number of PLLs:  0 out of 2 (0%)
   Number of DQSDLLs:  0 out of 2 (0%)
   Number of CLKDIVC:  0 out of 4 (0%)
   Number of ECLKSYNCA:  0 out of 4 (0%)
   Number of ECLKBRIDGECS:  0 out of 2 (0%)
   Notes:-
      1. Total number of LUT4s = (Number of logic LUT4s) + 2*(Number of
     distributed RAMs) + 2*(Number of ripple logic)
      2. Number of logic LUT4s does not include count of distributed RAM and
     ripple logic.
   Number of clocks:  4
     Net sys_clk_c: 353 loads, 353 rising, 0 falling (Driver: PIO sys_clk )
     Net clk_1s: 20 loads, 20 rising, 0 falling (Driver: devide_1s/clk_p_29 )
     Net u_DS18B20Z/clk_1mhz: 2 loads, 2 rising, 0 falling (Driver:

                                    Page 1




Design:  top                                           Date:  02/24/21  11:16:44

Design Summary (cont)
---------------------
     u_DS18B20Z/clk_1mhz_112 )
     Net oled1/clk_in_1Hz: 1 loads, 1 rising, 0 falling (Driver:
     oled1/divide_1Hz/clk_p_29 )
   Number of Clock Enables:  85
     Net sys_clk_c_enable_241: 5 loads, 5 LSLICEs
     Net sys_clk_c_enable_79: 4 loads, 4 LSLICEs
     Net sys_clk_c_enable_136: 8 loads, 8 LSLICEs
     Net clk_1s: 4 loads, 4 LSLICEs
     Net clk_1s_enable_16: 5 loads, 5 LSLICEs
     Net clk_1s_enable_12: 5 loads, 5 LSLICEs
     Net sys_clk_c_enable_159: 4 loads, 4 LSLICEs
     Net key1_pulse: 3 loads, 3 LSLICEs
     Net warning_time_7__N_176: 2 loads, 2 LSLICEs
     Net sys_clk_c_enable_54: 1 loads, 1 LSLICEs
     Net sys_clk_c_enable_152: 4 loads, 4 LSLICEs
     Net sys_clk_c_enable_266: 4 loads, 4 LSLICEs
     Net sys_clk_c_enable_119: 4 loads, 4 LSLICEs
     Net sys_clk_c_enable_106: 4 loads, 4 LSLICEs
     Net u_DS18B20Z/sys_clk_c_enable_19: 2 loads, 2 LSLICEs
     Net u_DS18B20Z/sys_clk_c_enable_20: 1 loads, 1 LSLICEs
     Net u_DS18B20Z/sys_clk_c_enable_28: 4 loads, 4 LSLICEs
     Net u_DS18B20Z/sys_clk_c_enable_31: 2 loads, 2 LSLICEs
     Net u_DS18B20Z/sys_clk_c_enable_178: 10 loads, 10 LSLICEs
     Net u_DS18B20Z/sys_clk_c_enable_47: 1 loads, 1 LSLICEs
     Net u_DS18B20Z/sys_clk_c_enable_304: 3 loads, 3 LSLICEs
     Net u_DS18B20Z/sys_clk_c_enable_51: 1 loads, 1 LSLICEs
     Net u_DS18B20Z/sys_clk_c_enable_56: 1 loads, 1 LSLICEs
     Net u_DS18B20Z/sys_clk_c_enable_73: 1 loads, 1 LSLICEs
     Net u_DS18B20Z/sys_clk_c_enable_74: 1 loads, 1 LSLICEs
     Net u_DS18B20Z/sys_clk_c_enable_75: 1 loads, 1 LSLICEs
     Net u_DS18B20Z/sys_clk_c_enable_76: 1 loads, 1 LSLICEs
     Net u_DS18B20Z/one_wire_N_675: 1 loads, 1 LSLICEs
     Net u_DS18B20Z/sys_clk_c_enable_263: 4 loads, 4 LSLICEs
     Net u_DS18B20Z/sys_clk_c_enable_124: 2 loads, 2 LSLICEs
     Net u_DS18B20Z/sys_clk_c_enable_125: 1 loads, 1 LSLICEs
     Net u_DS18B20Z/sys_clk_c_enable_131: 1 loads, 1 LSLICEs
     Net u_DS18B20Z/sys_clk_c_enable_134: 1 loads, 1 LSLICEs
     Net u_DS18B20Z/sys_clk_c_enable_137: 1 loads, 1 LSLICEs
     Net u_DS18B20Z/sys_clk_c_enable_190: 1 loads, 1 LSLICEs
     Net u_DS18B20Z/sys_clk_c_enable_191: 1 loads, 1 LSLICEs
     Net u_DS18B20Z/sys_clk_c_enable_340: 1 loads, 1 LSLICEs
     Net u_DS18B20Z/sys_clk_c_enable_248: 2 loads, 2 LSLICEs
     Net u_DS18B20Z/sys_clk_c_enable_251: 2 loads, 2 LSLICEs
     Net u_DS18B20Z/sys_clk_c_enable_332: 2 loads, 2 LSLICEs
     Net u_DS18B20Z/sys_clk_c_enable_257: 1 loads, 1 LSLICEs
     Net u_DS18B20Z/sys_clk_c_enable_337: 2 loads, 2 LSLICEs
     Net u_DS18B20Z/sys_clk_c_enable_342: 2 loads, 2 LSLICEs
     Net u_DS18B20Z/sys_clk_c_enable_335: 1 loads, 1 LSLICEs
     Net u_DS18B20Z/sys_clk_c_enable_334: 1 loads, 1 LSLICEs
     Net u_DS18B20Z/sys_clk_c_enable_336: 1 loads, 1 LSLICEs
     Net key_2/sys_clk_c_enable_41: 1 loads, 1 LSLICEs
     Net key_1/sys_clk_c_enable_49: 1 loads, 1 LSLICEs
     Net u_uart_send/sys_clk_c_enable_221: 9 loads, 9 LSLICEs
     Net u_uart_send/sys_clk_c_enable_344: 4 loads, 4 LSLICEs
     Net u_uart_recv/sys_clk_c_enable_206: 8 loads, 8 LSLICEs
     Net key_3/sys_clk_c_enable_48: 1 loads, 1 LSLICEs

                                    Page 2




Design:  top                                           Date:  02/24/21  11:16:44

Design Summary (cont)
---------------------
     Net m_music_play/sys_clk_c_enable_112: 2 loads, 2 LSLICEs
     Net m_music_play/sys_clk_c_enable_189: 2 loads, 2 LSLICEs
     Net m_music_play/sys_clk_c_enable_182: 3 loads, 3 LSLICEs
     Net m_music_play/sys_clk_c_enable_34: 1 loads, 1 LSLICEs
     Net m_music_play/sys_clk_c_enable_298: 9 loads, 9 LSLICEs
     Net m_music_play/sys_clk_c_enable_273: 9 loads, 9 LSLICEs
     Net m_music_play/sys_clk_c_enable_231: 5 loads, 5 LSLICEs
     Net m_music_play/sys_clk_c_enable_85: 2 loads, 2 LSLICEs
     Net m_music_play/sys_clk_c_enable_183: 1 loads, 1 LSLICEs
     Net m_music_play/sys_clk_c_enable_184: 1 loads, 1 LSLICEs
     Net m_music_play/sys_clk_c_enable_185: 1 loads, 1 LSLICEs
     Net m_music_play/sys_clk_c_enable_186: 1 loads, 1 LSLICEs
     Net m_music_play/sys_clk_c_enable_187: 1 loads, 1 LSLICEs
     Net m_music_play/sys_clk_c_enable_188: 1 loads, 1 LSLICEs
     Net oled1/sys_clk_c_enable_329: 9 loads, 9 LSLICEs
     Net oled1/sys_clk_c_enable_259: 3 loads, 3 LSLICEs
     Net oled1/sys_clk_c_enable_14: 1 loads, 1 LSLICEs
     Net oled1/sys_clk_c_enable_15: 1 loads, 1 LSLICEs
     Net oled1/sys_clk_c_enable_89: 9 loads, 9 LSLICEs
     Net oled1/sys_clk_c_enable_222: 2 loads, 2 LSLICEs
     Net oled1/sys_clk_c_enable_223: 3 loads, 3 LSLICEs
     Net oled1/sys_clk_c_enable_254: 3 loads, 3 LSLICEs
     Net oled1/sys_clk_c_enable_279: 1 loads, 1 LSLICEs
     Net oled1/sys_clk_c_enable_133: 3 loads, 3 LSLICEs
     Net oled1/sys_clk_c_enable_132: 1 loads, 1 LSLICEs
     Net oled1/sys_clk_c_enable_314: 7 loads, 7 LSLICEs
     Net oled1/sys_clk_c_enable_313: 5 loads, 5 LSLICEs
     Net oled1/sys_clk_c_enable_145: 1 loads, 1 LSLICEs
     Net oled1/sys_clk_c_enable_262: 1 loads, 1 LSLICEs
     Net oled1/sys_clk_c_enable_264: 1 loads, 1 LSLICEs
     Net oled1/sys_clk_c_enable_265: 1 loads, 1 LSLICEs
     Net oled1/sys_clk_c_enable_338: 3 loads, 3 LSLICEs
     Net oled1/sys_clk_c_enable_343: 3 loads, 3 LSLICEs
   Number of LSRs:  38
     Net n21939: 4 loads, 4 LSLICEs
     Net clk_1s: 1 loads, 1 LSLICEs
     Net n26549: 4 loads, 4 LSLICEs
     Net n26543: 2 loads, 2 LSLICEs
     Net warning_time_7__N_176: 5 loads, 5 LSLICEs
     Net sys_rst_n_c: 1 loads, 1 LSLICEs
     Net n9685: 4 loads, 4 LSLICEs
     Net n9689: 4 loads, 4 LSLICEs
     Net rx_flag: 12 loads, 12 LSLICEs
     Net devide_1s/n21811: 17 loads, 17 LSLICEs
     Net u_DS18B20Z/n21868: 3 loads, 3 LSLICEs
     Net u_DS18B20Z/n39669: 2 loads, 2 LSLICEs
     Net u_DS18B20Z/n21841: 2 loads, 2 LSLICEs
     Net u_DS18B20Z/n34724: 2 loads, 2 LSLICEs
     Net u_DS18B20Z/n21833: 2 loads, 2 LSLICEs
     Net key_2/key_edge: 10 loads, 10 LSLICEs
     Net key_1/key_edge: 10 loads, 10 LSLICEs
     Net u_uart_send/uart_tx_busy: 10 loads, 10 LSLICEs
     Net u_uart_send/n21812: 9 loads, 9 LSLICEs
     Net u_uart_send/n30427: 4 loads, 4 LSLICEs
     Net u_uart_recv/uart_data_7__N_1492: 4 loads, 4 LSLICEs
     Net u_uart_recv/n21813: 9 loads, 9 LSLICEs

                                    Page 3




Design:  top                                           Date:  02/24/21  11:16:44

Design Summary (cont)
---------------------
     Net m_beep/n3648: 10 loads, 10 LSLICEs
     Net key_3/key_edge: 10 loads, 10 LSLICEs
     Net m_music_play/sys_clk_c_enable_273: 9 loads, 9 LSLICEs
     Net m_music_play/n21888: 9 loads, 9 LSLICEs
     Net m_music_play/n21903: 5 loads, 5 LSLICEs
     Net oled1/n21844: 9 loads, 9 LSLICEs
     Net oled1/n21924: 9 loads, 9 LSLICEs
     Net oled1/n34726: 7 loads, 7 LSLICEs
     Net oled1/n21922: 1 loads, 1 LSLICEs
     Net oled1/n21918: 1 loads, 1 LSLICEs
     Net oled1/n31502: 3 loads, 3 LSLICEs
     Net oled1/n23917: 1 loads, 1 LSLICEs
     Net oled1/n23899: 2 loads, 2 LSLICEs
     Net oled1/n21864: 3 loads, 3 LSLICEs
     Net oled1/n21774: 2 loads, 2 LSLICEs
     Net oled1/divide_1Hz/n21818: 17 loads, 17 LSLICEs
   Number of nets driven by tri-state buffers:  0
   Top 10 highest fanout non-clock nets:
     Net n2510: 274 loads
     Net n39482: 273 loads
     Net n2508: 272 loads
     Net n39512: 270 loads
     Net n2507: 142 loads
     Net oled1/state_2: 76 loads
     Net n2509: 75 loads
     Net u_DS18B20Z/state_back_2_N_518_2: 67 loads
     Net oled1/state_0: 59 loads
     Net u_DS18B20Z/state_0: 58 loads




   Number of warnings:  2
   Number of errors:    0
     

Design Errors/Warnings
----------------------

WARNING - map: Converting L6MUX21 oled1/i31026/GATE to normal MUX21.
WARNING - map: Converted 1 L6MUX21's to normal MUX21.

IO (PIO) Attributes
-------------------

+---------------------+-----------+-----------+------------+
| IO Name             | Direction | Levelmode | IO         |
|                     |           |  IO_TYPE  | Register   |
+---------------------+-----------+-----------+------------+
| sw2                 | INPUT     | LVCMOS25  |            |
+---------------------+-----------+-----------+------------+
| sw1                 | INPUT     | LVCMOS25  |            |
+---------------------+-----------+-----------+------------+
| sys_rst_n           | INPUT     | LVCMOS25  |            |
+---------------------+-----------+-----------+------------+
| sys_clk             | INPUT     | LVCMOS25  |            |

                                    Page 4




Design:  top                                           Date:  02/24/21  11:16:44

IO (PIO) Attributes (cont)
--------------------------
+---------------------+-----------+-----------+------------+
| led                 | OUTPUT    | LVCMOS25  |            |
+---------------------+-----------+-----------+------------+
| oled_mosi           | OUTPUT    | LVCMOS25  |            |
+---------------------+-----------+-----------+------------+
| oled_sck            | OUTPUT    | LVCMOS25  |            |
+---------------------+-----------+-----------+------------+
| oled_dc             | OUTPUT    | LVCMOS25  |            |
+---------------------+-----------+-----------+------------+
| oled_cs             | OUTPUT    | LVCMOS25  |            |
+---------------------+-----------+-----------+------------+
| oled_res            | OUTPUT    | LVCMOS25  |            |
+---------------------+-----------+-----------+------------+
| uart_txd            | OUTPUT    | LVCMOS25  |            |
+---------------------+-----------+-----------+------------+
| beep                | OUTPUT    | LVCMOS25  |            |
+---------------------+-----------+-----------+------------+
| uart_rxd            | INPUT     | LVCMOS25  |            |
+---------------------+-----------+-----------+------------+
| one_wire            | BIDIR     | LVCMOS25  |            |
+---------------------+-----------+-----------+------------+
| key3                | INPUT     | LVCMOS25  |            |
+---------------------+-----------+-----------+------------+
| key2                | INPUT     | LVCMOS25  |            |
+---------------------+-----------+-----------+------------+
| key1                | INPUT     | LVCMOS25  |            |
+---------------------+-----------+-----------+------------+

Removed logic
-------------

Block i32700 undriven or does not drive anything - clipped.
Signal oled1/rst_n_in_N_1518 was merged into signal sys_rst_n_c
Signal u_uart_recv/n9697 was merged into signal rx_flag
Signal u_uart_recv/n21809 was merged into signal u_uart_recv/uart_data_7__N_1492
     
Signal u_uart_send/n21771 was merged into signal u_uart_send/uart_tx_busy
Signal n11472 was merged into signal u_DS18B20Z/one_wire_N_668
Signal n20151 was merged into signal clk_1s
Signal n9683 was merged into signal warning_time_7__N_176
Signal GND_net undriven or does not drive anything - clipped.
Signal VCC_net undriven or does not drive anything - clipped.
Signal oled1/divide_1Hz/add_27540_2/S1 undriven or does not drive anything -
     clipped.
Signal oled1/divide_1Hz/add_27540_2/S0 undriven or does not drive anything -
     clipped.
Signal oled1/divide_1Hz/add_27540_2/CI undriven or does not drive anything -
     clipped.
Signal oled1/divide_1Hz/add_27540_4/S1 undriven or does not drive anything -
     clipped.
Signal oled1/divide_1Hz/add_27540_4/S0 undriven or does not drive anything -
     clipped.
Signal oled1/divide_1Hz/add_27540_6/S1 undriven or does not drive anything -
     clipped.
Signal oled1/divide_1Hz/add_27540_6/S0 undriven or does not drive anything -
     clipped.

                                    Page 5




Design:  top                                           Date:  02/24/21  11:16:44

Removed logic (cont)
--------------------
Signal oled1/divide_1Hz/add_27540_8/S1 undriven or does not drive anything -
     clipped.
Signal oled1/divide_1Hz/add_27540_8/S0 undriven or does not drive anything -
     clipped.
Signal oled1/divide_1Hz/add_27540_10/S1 undriven or does not drive anything -
     clipped.
Signal oled1/divide_1Hz/add_27540_10/S0 undriven or does not drive anything -
     clipped.
Signal oled1/divide_1Hz/add_27540_12/S1 undriven or does not drive anything -
     clipped.
Signal oled1/divide_1Hz/add_27540_12/S0 undriven or does not drive anything -
     clipped.
Signal oled1/divide_1Hz/add_27540_14/S1 undriven or does not drive anything -
     clipped.
Signal oled1/divide_1Hz/add_27540_14/S0 undriven or does not drive anything -
     clipped.
Signal oled1/divide_1Hz/add_27540_16/S1 undriven or does not drive anything -
     clipped.
Signal oled1/divide_1Hz/add_27540_16/S0 undriven or does not drive anything -
     clipped.
Signal oled1/divide_1Hz/add_27540_18/S1 undriven or does not drive anything -
     clipped.
Signal oled1/divide_1Hz/add_27540_18/S0 undriven or does not drive anything -
     clipped.
Signal oled1/divide_1Hz/add_27540_20/S1 undriven or does not drive anything -
     clipped.
Signal oled1/divide_1Hz/add_27540_20/S0 undriven or does not drive anything -
     clipped.
Signal oled1/divide_1Hz/add_27540_22/S1 undriven or does not drive anything -
     clipped.
Signal oled1/divide_1Hz/add_27540_22/S0 undriven or does not drive anything -
     clipped.
Signal oled1/divide_1Hz/add_27540_24/S1 undriven or does not drive anything -
     clipped.
Signal oled1/divide_1Hz/add_27540_24/S0 undriven or does not drive anything -
     clipped.
Signal oled1/divide_1Hz/add_27540_cout/S1 undriven or does not drive anything -
     clipped.
Signal oled1/divide_1Hz/add_27540_cout/CO undriven or does not drive anything -
     clipped.
Signal oled1/divide_1Hz/cnt_p_3010_add_4_1/S0 undriven or does not drive
     anything - clipped.
Signal oled1/divide_1Hz/cnt_p_3010_add_4_1/CI undriven or does not drive
     anything - clipped.
Signal oled1/divide_1Hz/cnt_p_3010_add_4_33/S1 undriven or does not drive
     anything - clipped.
Signal oled1/divide_1Hz/cnt_p_3010_add_4_33/CO undriven or does not drive
     anything - clipped.
Signal oled1/add_43_1/S0 undriven or does not drive anything - clipped.
Signal oled1/add_43_1/CI undriven or does not drive anything - clipped.
Signal oled1/add_43_17/S1 undriven or does not drive anything - clipped.
Signal oled1/add_43_17/CO undriven or does not drive anything - clipped.
Signal oled1/add_117_1/S0 undriven or does not drive anything - clipped.
Signal oled1/add_117_1/CI undriven or does not drive anything - clipped.
Signal oled1/add_117_17/S1 undriven or does not drive anything - clipped.
Signal oled1/add_117_17/CO undriven or does not drive anything - clipped.

                                    Page 6




Design:  top                                           Date:  02/24/21  11:16:44

Removed logic (cont)
--------------------
Signal oled1/sub_2367_add_2_1/S1 undriven or does not drive anything - clipped.
Signal oled1/sub_2367_add_2_1/S0 undriven or does not drive anything - clipped.
Signal oled1/sub_2367_add_2_1/CI undriven or does not drive anything - clipped.
Signal oled1/sub_2367_add_2_3/S1 undriven or does not drive anything - clipped.
Signal oled1/sub_2367_add_2_3/S0 undriven or does not drive anything - clipped.
Signal oled1/sub_2367_add_2_5/S1 undriven or does not drive anything - clipped.
Signal oled1/sub_2367_add_2_5/S0 undriven or does not drive anything - clipped.
Signal oled1/sub_2367_add_2_7/S1 undriven or does not drive anything - clipped.
Signal oled1/sub_2367_add_2_7/S0 undriven or does not drive anything - clipped.
Signal oled1/sub_2367_add_2_9/S1 undriven or does not drive anything - clipped.
Signal oled1/sub_2367_add_2_9/S0 undriven or does not drive anything - clipped.
Signal oled1/sub_2367_add_2_11/S1 undriven or does not drive anything - clipped.
     
Signal oled1/sub_2367_add_2_11/S0 undriven or does not drive anything - clipped.
     
Signal oled1/sub_2367_add_2_13/S1 undriven or does not drive anything - clipped.
     
Signal oled1/sub_2367_add_2_13/S0 undriven or does not drive anything - clipped.
     
Signal oled1/sub_2367_add_2_15/S1 undriven or does not drive anything - clipped.
     
Signal oled1/sub_2367_add_2_15/S0 undriven or does not drive anything - clipped.
     
Signal oled1/sub_2367_add_2_17/S0 undriven or does not drive anything - clipped.
     
Signal oled1/sub_2367_add_2_17/CO undriven or does not drive anything - clipped.
     
Signal oled1/num_3011_add_4_1/S0 undriven or does not drive anything - clipped.
Signal oled1/num_3011_add_4_1/CI undriven or does not drive anything - clipped.
Signal oled1/num_3011_add_4_9/S1 undriven or does not drive anything - clipped.
Signal oled1/num_3011_add_4_9/CO undriven or does not drive anything - clipped.
Signal m_music_play/add_114_1/S0 undriven or does not drive anything - clipped.
Signal m_music_play/add_114_1/CI undriven or does not drive anything - clipped.
Signal m_music_play/music_cnt_3007_add_4_1/S0 undriven or does not drive
     anything - clipped.
Signal m_music_play/music_cnt_3007_add_4_1/CI undriven or does not drive
     anything - clipped.
Signal m_music_play/music_cnt_3007_add_4_9/CO undriven or does not drive
     anything - clipped.
Signal m_music_play/cnt_delay_3008_add_4_1/S0 undriven or does not drive
     anything - clipped.
Signal m_music_play/cnt_delay_3008_add_4_1/CI undriven or does not drive
     anything - clipped.
Signal m_music_play/add_114_9/S1 undriven or does not drive anything - clipped.
Signal m_music_play/add_114_9/CO undriven or does not drive anything - clipped.
Signal m_music_play/cnt_delay_3008_add_4_17/S1 undriven or does not drive
     anything - clipped.
Signal m_music_play/cnt_delay_3008_add_4_17/CO undriven or does not drive
     anything - clipped.
Signal m_music_play/clk_cnt_3009_add_4_1/S0 undriven or does not drive anything
     - clipped.
Signal m_music_play/clk_cnt_3009_add_4_1/CI undriven or does not drive anything
     - clipped.
Signal m_music_play/clk_cnt_3009_add_4_17/S1 undriven or does not drive anything
     - clipped.
Signal m_music_play/clk_cnt_3009_add_4_17/CO undriven or does not drive anything

                                    Page 7




Design:  top                                           Date:  02/24/21  11:16:44

Removed logic (cont)
--------------------
     - clipped.
Signal m_music_play/sub_2368_add_2_2/S1 undriven or does not drive anything -
     clipped.
Signal m_music_play/sub_2368_add_2_2/S0 undriven or does not drive anything -
     clipped.
Signal m_music_play/sub_2368_add_2_2/CI undriven or does not drive anything -
     clipped.
Signal m_music_play/sub_2368_add_2_4/S1 undriven or does not drive anything -
     clipped.
Signal m_music_play/sub_2368_add_2_4/S0 undriven or does not drive anything -
     clipped.
Signal m_music_play/sub_2368_add_2_6/S1 undriven or does not drive anything -
     clipped.
Signal m_music_play/sub_2368_add_2_6/S0 undriven or does not drive anything -
     clipped.
Signal m_music_play/sub_2368_add_2_8/S1 undriven or does not drive anything -
     clipped.
Signal m_music_play/sub_2368_add_2_8/S0 undriven or does not drive anything -
     clipped.
Signal m_music_play/sub_2368_add_2_10/S1 undriven or does not drive anything -
     clipped.
Signal m_music_play/sub_2368_add_2_10/S0 undriven or does not drive anything -
     clipped.
Signal m_music_play/sub_2368_add_2_12/S1 undriven or does not drive anything -
     clipped.
Signal m_music_play/sub_2368_add_2_12/S0 undriven or does not drive anything -
     clipped.
Signal m_music_play/sub_2368_add_2_14/S0 undriven or does not drive anything -
     clipped.
Signal m_music_play/sub_2368_add_2_14/CO undriven or does not drive anything -
     clipped.
Signal key_3/cnt_3000_add_4_1/S0 undriven or does not drive anything - clipped.
Signal key_3/cnt_3000_add_4_1/CI undriven or does not drive anything - clipped.
Signal key_3/cnt_3000_add_4_19/S1 undriven or does not drive anything - clipped.
     
Signal key_3/cnt_3000_add_4_19/CO undriven or does not drive anything - clipped.
     
Signal m_beep/time_cnt_3006_add_4_1/S0 undriven or does not drive anything -
     clipped.
Signal m_beep/time_cnt_3006_add_4_1/CI undriven or does not drive anything -
     clipped.
Signal m_beep/time_cnt_3006_add_4_19/S1 undriven or does not drive anything -
     clipped.
Signal m_beep/time_cnt_3006_add_4_19/CO undriven or does not drive anything -
     clipped.
Signal m_beep/add_1891_1/S0 undriven or does not drive anything - clipped.
Signal m_beep/add_1891_1/CI undriven or does not drive anything - clipped.
Signal m_beep/add_1891_19/CO undriven or does not drive anything - clipped.
Signal u_uart_recv/clk_cnt_3005_add_4_1/S0 undriven or does not drive anything -
     clipped.
Signal u_uart_recv/clk_cnt_3005_add_4_1/CI undriven or does not drive anything -
     clipped.
Signal u_uart_recv/clk_cnt_3005_add_4_17/S1 undriven or does not drive anything
     - clipped.
Signal u_uart_recv/clk_cnt_3005_add_4_17/CO undriven or does not drive anything
     - clipped.

                                    Page 8




Design:  top                                           Date:  02/24/21  11:16:44

Removed logic (cont)
--------------------
Signal u_uart_send/clk_cnt_3003_add_4_1/S0 undriven or does not drive anything -
     clipped.
Signal u_uart_send/clk_cnt_3003_add_4_1/CI undriven or does not drive anything -
     clipped.
Signal u_uart_send/clk_cnt_3003_add_4_17/S1 undriven or does not drive anything
     - clipped.
Signal u_uart_send/clk_cnt_3003_add_4_17/CO undriven or does not drive anything
     - clipped.
Signal key_1/cnt_2998_add_4_19/S1 undriven or does not drive anything - clipped.
     
Signal key_1/cnt_2998_add_4_19/CO undriven or does not drive anything - clipped.
     
Signal key_1/cnt_2998_add_4_1/S0 undriven or does not drive anything - clipped.
Signal key_1/cnt_2998_add_4_1/CI undriven or does not drive anything - clipped.
Signal key_2/cnt_2999_add_4_1/S0 undriven or does not drive anything - clipped.
Signal key_2/cnt_2999_add_4_1/CI undriven or does not drive anything - clipped.
Signal key_2/cnt_2999_add_4_19/S1 undriven or does not drive anything - clipped.
     
Signal key_2/cnt_2999_add_4_19/CO undriven or does not drive anything - clipped.
     
Signal u_DS18B20Z/add_48_21/S1 undriven or does not drive anything - clipped.
Signal u_DS18B20Z/add_48_21/CO undriven or does not drive anything - clipped.
Signal u_DS18B20Z/sub_2366_add_2_1/S1 undriven or does not drive anything -
     clipped.
Signal u_DS18B20Z/sub_2366_add_2_1/S0 undriven or does not drive anything -
     clipped.
Signal u_DS18B20Z/sub_2366_add_2_1/CI undriven or does not drive anything -
     clipped.
Signal u_DS18B20Z/sub_2366_add_2_3/S1 undriven or does not drive anything -
     clipped.
Signal u_DS18B20Z/sub_2366_add_2_3/S0 undriven or does not drive anything -
     clipped.
Signal u_DS18B20Z/sub_2366_add_2_5/S1 undriven or does not drive anything -
     clipped.
Signal u_DS18B20Z/sub_2366_add_2_5/S0 undriven or does not drive anything -
     clipped.
Signal u_DS18B20Z/sub_2366_add_2_7/S1 undriven or does not drive anything -
     clipped.
Signal u_DS18B20Z/sub_2366_add_2_7/S0 undriven or does not drive anything -
     clipped.
Signal u_DS18B20Z/sub_2366_add_2_9/S1 undriven or does not drive anything -
     clipped.
Signal u_DS18B20Z/sub_2366_add_2_9/S0 undriven or does not drive anything -
     clipped.
Signal u_DS18B20Z/sub_2366_add_2_11/S1 undriven or does not drive anything -
     clipped.
Signal u_DS18B20Z/sub_2366_add_2_11/S0 undriven or does not drive anything -
     clipped.
Signal u_DS18B20Z/sub_2366_add_2_13/S1 undriven or does not drive anything -
     clipped.
Signal u_DS18B20Z/sub_2366_add_2_13/S0 undriven or does not drive anything -
     clipped.
Signal u_DS18B20Z/sub_2366_add_2_15/S1 undriven or does not drive anything -
     clipped.
Signal u_DS18B20Z/sub_2366_add_2_15/S0 undriven or does not drive anything -
     clipped.

                                    Page 9




Design:  top                                           Date:  02/24/21  11:16:44

Removed logic (cont)
--------------------
Signal u_DS18B20Z/sub_2366_add_2_17/S1 undriven or does not drive anything -
     clipped.
Signal u_DS18B20Z/sub_2366_add_2_17/S0 undriven or does not drive anything -
     clipped.
Signal u_DS18B20Z/sub_2366_add_2_19/S1 undriven or does not drive anything -
     clipped.
Signal u_DS18B20Z/sub_2366_add_2_19/S0 undriven or does not drive anything -
     clipped.
Signal u_DS18B20Z/sub_2366_add_2_21/S0 undriven or does not drive anything -
     clipped.
Signal u_DS18B20Z/sub_2366_add_2_21/CO undriven or does not drive anything -
     clipped.
Signal u_DS18B20Z/add_48_1/S0 undriven or does not drive anything - clipped.
Signal u_DS18B20Z/add_48_1/CI undriven or does not drive anything - clipped.
Signal add_1853_1/S1 undriven or does not drive anything - clipped.
Signal add_1853_1/S0 undriven or does not drive anything - clipped.
Signal add_1853_1/CI undriven or does not drive anything - clipped.
Signal devide_1s/add_27539_2/S1 undriven or does not drive anything - clipped.
Signal devide_1s/add_27539_2/S0 undriven or does not drive anything - clipped.
Signal devide_1s/add_27539_2/CI undriven or does not drive anything - clipped.
Signal devide_1s/add_27539_4/S1 undriven or does not drive anything - clipped.
Signal devide_1s/add_27539_4/S0 undriven or does not drive anything - clipped.
Signal devide_1s/add_27539_6/S1 undriven or does not drive anything - clipped.
Signal devide_1s/add_27539_6/S0 undriven or does not drive anything - clipped.
Signal devide_1s/add_27539_8/S1 undriven or does not drive anything - clipped.
Signal devide_1s/add_27539_8/S0 undriven or does not drive anything - clipped.
Signal devide_1s/add_27539_10/S1 undriven or does not drive anything - clipped.
Signal devide_1s/add_27539_10/S0 undriven or does not drive anything - clipped.
Signal devide_1s/add_27539_12/S1 undriven or does not drive anything - clipped.
Signal devide_1s/add_27539_12/S0 undriven or does not drive anything - clipped.
Signal devide_1s/add_27539_14/S1 undriven or does not drive anything - clipped.
Signal devide_1s/add_27539_14/S0 undriven or does not drive anything - clipped.
Signal devide_1s/add_27539_16/S1 undriven or does not drive anything - clipped.
Signal devide_1s/add_27539_16/S0 undriven or does not drive anything - clipped.
Signal devide_1s/add_27539_18/S1 undriven or does not drive anything - clipped.
Signal devide_1s/add_27539_18/S0 undriven or does not drive anything - clipped.
Signal devide_1s/add_27539_20/S1 undriven or does not drive anything - clipped.
Signal devide_1s/add_27539_20/S0 undriven or does not drive anything - clipped.
Signal devide_1s/add_27539_22/S1 undriven or does not drive anything - clipped.
Signal devide_1s/add_27539_22/S0 undriven or does not drive anything - clipped.
Signal devide_1s/add_27539_24/S1 undriven or does not drive anything - clipped.
Signal devide_1s/add_27539_24/S0 undriven or does not drive anything - clipped.
Signal devide_1s/add_27539_cout/S1 undriven or does not drive anything -
     clipped.
Signal devide_1s/add_27539_cout/CO undriven or does not drive anything -
     clipped.
Signal devide_1s/cnt_p_2997_add_4_1/S0 undriven or does not drive anything -
     clipped.
Signal devide_1s/cnt_p_2997_add_4_1/CI undriven or does not drive anything -
     clipped.
Signal devide_1s/cnt_p_2997_add_4_33/S1 undriven or does not drive anything -
     clipped.
Signal devide_1s/cnt_p_2997_add_4_33/CO undriven or does not drive anything -
     clipped.
Signal add_1853_9/CO undriven or does not drive anything - clipped.
Signal add_1871_1/S1 undriven or does not drive anything - clipped.

                                   Page 10




Design:  top                                           Date:  02/24/21  11:16:44

Removed logic (cont)
--------------------
Signal add_1871_1/S0 undriven or does not drive anything - clipped.
Signal add_1871_1/CI undriven or does not drive anything - clipped.
Signal add_1871_9/CO undriven or does not drive anything - clipped.
Signal equal_2994_0/S1 undriven or does not drive anything - clipped.
Signal equal_2994_0/S0 undriven or does not drive anything - clipped.
Signal equal_2994_0/CI undriven or does not drive anything - clipped.
Signal equal_2994_13/S1 undriven or does not drive anything - clipped.
Signal equal_2994_13/S0 undriven or does not drive anything - clipped.
Signal equal_2994_15/S1 undriven or does not drive anything - clipped.
Signal equal_2994_15/S0 undriven or does not drive anything - clipped.
Signal equal_2994_16/S0 undriven or does not drive anything - clipped.
Signal equal_2994_16/CO undriven or does not drive anything - clipped.
Signal add_1880_9/CO undriven or does not drive anything - clipped.
Signal add_1880_1/S1 undriven or does not drive anything - clipped.
Signal add_1880_1/S0 undriven or does not drive anything - clipped.
Signal add_1880_1/CI undriven or does not drive anything - clipped.
Signal add_124_9/S1 undriven or does not drive anything - clipped.
Signal add_124_9/CO undriven or does not drive anything - clipped.
Signal add_137_1/S0 undriven or does not drive anything - clipped.
Signal add_137_1/CI undriven or does not drive anything - clipped.
Signal equal_2994_11/S1 undriven or does not drive anything - clipped.
Signal equal_2994_11/S0 undriven or does not drive anything - clipped.
Signal add_137_9/S1 undriven or does not drive anything - clipped.
Signal add_137_9/CO undriven or does not drive anything - clipped.
Signal add_138_1/S0 undriven or does not drive anything - clipped.
Signal add_138_1/CI undriven or does not drive anything - clipped.
Signal add_1862_1/S1 undriven or does not drive anything - clipped.
Signal add_1862_1/S0 undriven or does not drive anything - clipped.
Signal add_1862_1/CI undriven or does not drive anything - clipped.
Signal add_1862_9/CO undriven or does not drive anything - clipped.
Signal add_138_9/S1 undriven or does not drive anything - clipped.
Signal add_138_9/CO undriven or does not drive anything - clipped.
Signal add_124_1/S0 undriven or does not drive anything - clipped.
Signal add_124_1/CI undriven or does not drive anything - clipped.
Signal add_1889_1/S1 undriven or does not drive anything - clipped.
Signal add_1889_1/S0 undriven or does not drive anything - clipped.
Signal add_1889_1/CI undriven or does not drive anything - clipped.
Signal add_1889_9/CO undriven or does not drive anything - clipped.
Block oled1/divide_1Hz/rst_n_in_I_0_1_lut was optimized away.
Block u_uart_recv/i3233_1_lut was optimized away.
Block u_uart_recv/i15186_1_lut was optimized away.
Block u_uart_send/i15148_1_lut was optimized away.
Block u_DS18B20Z/i4986_1_lut was optimized away.
Block devide_1s/i13553_1_lut was optimized away.
Block i3209_1_lut was optimized away.
Block i1 was optimized away.

     

GSR Usage
---------

GSR Component:
   The Global Set Reset (GSR) resource has been used to implement a global reset
        of the design. The reset signal used for GSR control is 'sys_rst_n_c'.
        

                                   Page 11




Design:  top                                           Date:  02/24/21  11:16:44

GSR Usage (cont)
----------------

     GSR Property:
   The design components with GSR property set to ENABLED will respond to global
        set reset while the components with GSR property set to DISABLED will
        not.
        

     Components with disabled GSR Property
-------------------------------------

     These components have the GSR property set to DISABLED. The components will
     not respond to the reset signal 'sys_rst_n_c' via the GSR component.

     Type and number of components of the type: 
   Register = 86 

     Type and instance name of component: 
   Register : uart_send_data_i0_i6
   Register : uart_send_data_i0_i5
   Register : uart_send_data_i0_i4
   Register : uart_send_data_i0_i3
   Register : uart_send_data_i0_i2
   Register : uart_send_data_i0_i1
   Register : uart_send_data_i0_i0
   Register : uart_send_data_i0_i7
   Register : u_DS18B20Z/data_wr_i0_i7
   Register : u_DS18B20Z/data_wr_i0_i6
   Register : u_DS18B20Z/data_wr_i0_i1
   Register : u_DS18B20Z/data_out_i0_i10
   Register : u_DS18B20Z/data_out_i0_i9
   Register : u_DS18B20Z/data_out_i0_i8
   Register : u_DS18B20Z/data_out_i0_i7
   Register : u_DS18B20Z/data_out_i0_i6
   Register : u_DS18B20Z/data_out_i0_i5
   Register : u_DS18B20Z/data_out_i0_i4
   Register : u_DS18B20Z/data_wr_buffer_i0_i7
   Register : u_DS18B20Z/data_wr_buffer_i0_i6
   Register : u_DS18B20Z/data_wr_buffer_i0_i4
   Register : u_DS18B20Z/temperature_buffer_i0_i1
   Register : u_DS18B20Z/temperature_buffer_i0_i2
   Register : u_DS18B20Z/temperature_buffer_i0_i4
   Register : u_DS18B20Z/temperature_buffer_i0_i5
   Register : u_DS18B20Z/temperature_buffer_i0_i6
   Register : u_DS18B20Z/temperature_buffer_i0_i7
   Register : u_DS18B20Z/num_delay_i0_i2
   Register : u_DS18B20Z/num_delay_i0_i5
   Register : u_DS18B20Z/num_delay_i0_i7
   Register : u_DS18B20Z/num_delay_i0_i19
   Register : u_DS18B20Z/temperature_buffer_i0_i0
   Register : u_DS18B20Z/num_delay_i0_i0
   Register : u_DS18B20Z/num_delay_i0_i8
   Register : u_DS18B20Z/num_delay_i0_i6
   Register : u_DS18B20Z/num_delay_i0_i4
   Register : u_DS18B20Z/num_delay_i0_i3
   Register : u_DS18B20Z/num_delay_i0_i1
   Register : m_music_play/music_tone__i1

                                   Page 12




Design:  top                                           Date:  02/24/21  11:16:44

GSR Usage (cont)
----------------
   Register : m_music_play/state_back_i0_i0
   Register : m_music_play/clk_cnt_3009__i0
   Register : m_music_play/cnt_delay_3008__i0
   Register : m_music_play/music_cnt_3007__i0
   Register : m_music_play/music_tone__i5
   Register : m_music_play/music_tone__i4
   Register : m_music_play/music_tone__i3
   Register : m_music_play/music_tone__i2
   Register : m_music_play/music_cnt_3007__i1
   Register : m_music_play/music_cnt_3007__i2
   Register : m_music_play/music_cnt_3007__i3
   Register : m_music_play/music_cnt_3007__i4
   Register : m_music_play/music_cnt_3007__i5
   Register : m_music_play/music_cnt_3007__i6
   Register : m_music_play/music_cnt_3007__i7
   Register : m_music_play/music_cnt_3007__i8
   Register : m_music_play/cnt_delay_3008__i1
   Register : m_music_play/cnt_delay_3008__i2
   Register : m_music_play/cnt_delay_3008__i3
   Register : m_music_play/cnt_delay_3008__i4
   Register : m_music_play/cnt_delay_3008__i5
   Register : m_music_play/cnt_delay_3008__i6
   Register : m_music_play/cnt_delay_3008__i7
   Register : m_music_play/cnt_delay_3008__i8
   Register : m_music_play/cnt_delay_3008__i9
   Register : m_music_play/cnt_delay_3008__i10
   Register : m_music_play/cnt_delay_3008__i11
   Register : m_music_play/cnt_delay_3008__i12
   Register : m_music_play/cnt_delay_3008__i13
   Register : m_music_play/cnt_delay_3008__i14
   Register : m_music_play/cnt_delay_3008__i15
   Register : m_music_play/clk_cnt_3009__i1
   Register : m_music_play/clk_cnt_3009__i2
   Register : m_music_play/clk_cnt_3009__i3
   Register : m_music_play/clk_cnt_3009__i4
   Register : m_music_play/clk_cnt_3009__i5
   Register : m_music_play/clk_cnt_3009__i6
   Register : m_music_play/clk_cnt_3009__i7
   Register : m_music_play/clk_cnt_3009__i8
   Register : m_music_play/clk_cnt_3009__i9
   Register : m_music_play/clk_cnt_3009__i10
   Register : m_music_play/clk_cnt_3009__i11
   Register : m_music_play/clk_cnt_3009__i12
   Register : m_music_play/clk_cnt_3009__i13
   Register : m_music_play/clk_cnt_3009__i14
   Register : m_music_play/clk_cnt_3009__i15
   Register : oled1/flash_bit_307

     Components with synchronous local reset also reset by asynchronous GSR
----------------------------------------------------------------------

     These components have the GSR property set to ENABLED and the local reset
     is synchronous. The components will respond to the synchronous local reset
     and to the unrelated asynchronous reset signal 'sys_rst_n_c' via the GSR
     component.


                                   Page 13




Design:  top                                           Date:  02/24/21  11:16:44

GSR Usage (cont)
----------------
     Type and number of components of the type: 
   Register = 340 

     Type and instance name of component: 
   Register : warning_time__i0
   Register : hour_i3
   Register : hour_i2
   Register : hour_i1
   Register : key_mode_2996__i0
   Register : uart_en_192
   Register : hour_warning__i2
   Register : hour_warning__i1
   Register : hour_warning__i7
   Register : hour_warning__i6
   Register : hour_warning__i5
   Register : hour_warning__i4
   Register : hour_warning__i3
   Register : min_warning__i1
   Register : min_warning__i2
   Register : min_warning__i3
   Register : min_warning__i4
   Register : min_warning__i5
   Register : min_warning__i6
   Register : min_warning__i7
   Register : warning_time__i1
   Register : warning_time__i2
   Register : warning_time__i3
   Register : warning_time__i4
   Register : warning_time__i5
   Register : warning_time__i6
   Register : warning_time__i7
   Register : hour_warning__i0
   Register : key_mode_2996__i2
   Register : devide_1s/cnt_p_2997__i0
   Register : devide_1s/cnt_p_2997__i31
   Register : devide_1s/cnt_p_2997__i30
   Register : devide_1s/cnt_p_2997__i29
   Register : devide_1s/cnt_p_2997__i28
   Register : devide_1s/cnt_p_2997__i27
   Register : devide_1s/cnt_p_2997__i26
   Register : devide_1s/cnt_p_2997__i25
   Register : devide_1s/cnt_p_2997__i24
   Register : devide_1s/cnt_p_2997__i23
   Register : devide_1s/cnt_p_2997__i22
   Register : devide_1s/cnt_p_2997__i21
   Register : devide_1s/cnt_p_2997__i20
   Register : devide_1s/cnt_p_2997__i19
   Register : devide_1s/cnt_p_2997__i18
   Register : devide_1s/cnt_p_2997__i17
   Register : devide_1s/cnt_p_2997__i16
   Register : devide_1s/cnt_p_2997__i15
   Register : devide_1s/cnt_p_2997__i14
   Register : devide_1s/cnt_p_2997__i13
   Register : devide_1s/cnt_p_2997__i12
   Register : devide_1s/cnt_p_2997__i11
   Register : devide_1s/cnt_p_2997__i10

                                   Page 14




Design:  top                                           Date:  02/24/21  11:16:44

GSR Usage (cont)
----------------
   Register : devide_1s/cnt_p_2997__i9
   Register : devide_1s/cnt_p_2997__i8
   Register : devide_1s/cnt_p_2997__i7
   Register : devide_1s/cnt_p_2997__i6
   Register : devide_1s/cnt_p_2997__i5
   Register : devide_1s/cnt_p_2997__i4
   Register : devide_1s/cnt_p_2997__i3
   Register : devide_1s/cnt_p_2997__i2
   Register : devide_1s/cnt_p_2997__i1
   Register : hour_i7
   Register : u_DS18B20Z/cnt_read_i0_i0
   Register : u_DS18B20Z/cnt_1mhz_3001__i0
   Register : u_DS18B20Z/cnt_1mhz_3001__i2
   Register : u_DS18B20Z/cnt_1mhz_3001__i1
   Register : u_DS18B20Z/cnt_init_i0_i0
   Register : u_DS18B20Z/cnt_main_i0_i0
   Register : u_DS18B20Z/cnt_read_i0_i1
   Register : u_DS18B20Z/cnt_read_i0_i2
   Register : u_DS18B20Z/cnt_read_i0_i3
   Register : u_DS18B20Z/cnt_read_i0_i4
   Register : u_DS18B20Z/cnt_read_i0_i5
   Register : u_DS18B20Z/cnt_main_i0_i1
   Register : u_DS18B20Z/cnt_main_i0_i2
   Register : u_DS18B20Z/cnt_main_i0_i3
   Register : u_DS18B20Z/cnt_init_i0_i2
   Register : u_DS18B20Z/cnt_init_i0_i1
   Register : hour_i6
   Register : key_2/cnt_2999__i0
   Register : key_2/cnt_2999__i17
   Register : key_2/cnt_2999__i16
   Register : key_2/cnt_2999__i15
   Register : key_2/cnt_2999__i14
   Register : key_2/cnt_2999__i13
   Register : key_2/cnt_2999__i12
   Register : key_2/cnt_2999__i11
   Register : key_2/cnt_2999__i10
   Register : key_2/cnt_2999__i9
   Register : key_2/cnt_2999__i8
   Register : key_2/cnt_2999__i7
   Register : key_2/cnt_2999__i6
   Register : key_2/cnt_2999__i5
   Register : key_2/cnt_2999__i4
   Register : key_2/cnt_2999__i3
   Register : key_2/cnt_2999__i2
   Register : key_2/cnt_2999__i1
   Register : key_1/cnt_2998__i0
   Register : key_1/cnt_2998__i17
   Register : key_1/cnt_2998__i16
   Register : key_1/cnt_2998__i15
   Register : key_1/cnt_2998__i14
   Register : key_1/cnt_2998__i13
   Register : key_1/cnt_2998__i12
   Register : key_1/cnt_2998__i11
   Register : key_1/cnt_2998__i10
   Register : key_1/cnt_2998__i9
   Register : key_1/cnt_2998__i8

                                   Page 15




Design:  top                                           Date:  02/24/21  11:16:44

GSR Usage (cont)
----------------
   Register : key_1/cnt_2998__i7
   Register : key_1/cnt_2998__i6
   Register : key_1/cnt_2998__i5
   Register : key_1/cnt_2998__i4
   Register : key_1/cnt_2998__i3
   Register : key_1/cnt_2998__i2
   Register : key_1/cnt_2998__i1
   Register : u_uart_send/clk_cnt_3003__i0
   Register : u_uart_send/tx_cnt_FSM_i0
   Register : u_uart_send/tx_cnt_FSM_i15
   Register : u_uart_send/tx_cnt_FSM_i14
   Register : u_uart_send/tx_cnt_FSM_i13
   Register : u_uart_send/tx_cnt_FSM_i12
   Register : u_uart_send/tx_cnt_FSM_i11
   Register : u_uart_send/tx_cnt_FSM_i10
   Register : u_uart_send/tx_cnt_FSM_i9
   Register : u_uart_send/tx_cnt_FSM_i8
   Register : u_uart_send/tx_cnt_FSM_i7
   Register : u_uart_send/tx_cnt_FSM_i6
   Register : u_uart_send/tx_cnt_FSM_i5
   Register : u_uart_send/tx_cnt_FSM_i4
   Register : u_uart_send/tx_cnt_FSM_i3
   Register : u_uart_send/tx_cnt_FSM_i2
   Register : u_uart_send/tx_cnt_FSM_i1
   Register : u_uart_send/clk_cnt_3003__i15
   Register : u_uart_send/clk_cnt_3003__i14
   Register : u_uart_send/clk_cnt_3003__i13
   Register : u_uart_send/clk_cnt_3003__i12
   Register : u_uart_send/clk_cnt_3003__i11
   Register : u_uart_send/clk_cnt_3003__i10
   Register : u_uart_send/clk_cnt_3003__i9
   Register : u_uart_send/clk_cnt_3003__i8
   Register : u_uart_send/clk_cnt_3003__i7
   Register : u_uart_send/clk_cnt_3003__i6
   Register : u_uart_send/clk_cnt_3003__i5
   Register : u_uart_send/clk_cnt_3003__i4
   Register : u_uart_send/clk_cnt_3003__i3
   Register : u_uart_send/clk_cnt_3003__i2
   Register : u_uart_send/clk_cnt_3003__i1
   Register : u_uart_send/tx_data_i1
   Register : u_uart_send/tx_data_i2
   Register : u_uart_send/tx_data_i3
   Register : u_uart_send/tx_data_i4
   Register : u_uart_send/tx_data_i5
   Register : u_uart_send/tx_data_i6
   Register : u_uart_send/tx_data_i7
   Register : u_uart_send/uart_txd_47
   Register : u_uart_send/tx_data_i0
   Register : hour_i5
   Register : key_mode_2996__i1
   Register : hour_i4
   Register : u_uart_recv/rxdata__i0
   Register : u_uart_recv/clk_cnt_3005__i0
   Register : u_uart_recv/uart_data__i0
   Register : u_uart_recv/rx_cnt_FSM_i0
   Register : u_uart_recv/rxdata__i1

                                   Page 16




Design:  top                                           Date:  02/24/21  11:16:44

GSR Usage (cont)
----------------
   Register : u_uart_recv/rxdata__i2
   Register : u_uart_recv/rxdata__i3
   Register : u_uart_recv/rxdata__i4
   Register : u_uart_recv/rxdata__i5
   Register : u_uart_recv/rxdata__i6
   Register : u_uart_recv/rxdata__i7
   Register : u_uart_recv/uart_data__i7
   Register : u_uart_recv/uart_data__i6
   Register : u_uart_recv/uart_data__i5
   Register : u_uart_recv/uart_data__i4
   Register : u_uart_recv/uart_data__i3
   Register : u_uart_recv/uart_data__i2
   Register : u_uart_recv/uart_data__i1
   Register : u_uart_recv/rx_cnt_FSM_i15
   Register : u_uart_recv/rx_cnt_FSM_i14
   Register : u_uart_recv/rx_cnt_FSM_i13
   Register : u_uart_recv/rx_cnt_FSM_i12
   Register : u_uart_recv/rx_cnt_FSM_i11
   Register : u_uart_recv/rx_cnt_FSM_i10
   Register : u_uart_recv/rx_cnt_FSM_i9
   Register : u_uart_recv/rx_cnt_FSM_i8
   Register : u_uart_recv/rx_cnt_FSM_i7
   Register : u_uart_recv/rx_cnt_FSM_i6
   Register : u_uart_recv/rx_cnt_FSM_i5
   Register : u_uart_recv/rx_cnt_FSM_i4
   Register : u_uart_recv/rx_cnt_FSM_i3
   Register : u_uart_recv/rx_cnt_FSM_i2
   Register : u_uart_recv/rx_cnt_FSM_i1
   Register : u_uart_recv/clk_cnt_3005__i15
   Register : u_uart_recv/clk_cnt_3005__i14
   Register : u_uart_recv/clk_cnt_3005__i13
   Register : u_uart_recv/clk_cnt_3005__i12
   Register : u_uart_recv/clk_cnt_3005__i11
   Register : u_uart_recv/clk_cnt_3005__i10
   Register : u_uart_recv/clk_cnt_3005__i9
   Register : u_uart_recv/clk_cnt_3005__i8
   Register : u_uart_recv/clk_cnt_3005__i7
   Register : u_uart_recv/clk_cnt_3005__i6
   Register : u_uart_recv/clk_cnt_3005__i5
   Register : u_uart_recv/clk_cnt_3005__i4
   Register : u_uart_recv/clk_cnt_3005__i3
   Register : u_uart_recv/clk_cnt_3005__i2
   Register : u_uart_recv/clk_cnt_3005__i1
   Register : m_beep/time_cnt_3006__i0
   Register : m_beep/time_cnt_3006__i17
   Register : m_beep/time_cnt_3006__i16
   Register : m_beep/time_cnt_3006__i15
   Register : m_beep/time_cnt_3006__i14
   Register : m_beep/time_cnt_3006__i13
   Register : m_beep/time_cnt_3006__i12
   Register : m_beep/time_cnt_3006__i11
   Register : m_beep/time_cnt_3006__i10
   Register : m_beep/time_cnt_3006__i9
   Register : m_beep/time_cnt_3006__i8
   Register : m_beep/time_cnt_3006__i7
   Register : m_beep/time_cnt_3006__i6

                                   Page 17




Design:  top                                           Date:  02/24/21  11:16:44

GSR Usage (cont)
----------------
   Register : m_beep/time_cnt_3006__i5
   Register : m_beep/time_cnt_3006__i4
   Register : m_beep/time_cnt_3006__i3
   Register : m_beep/time_cnt_3006__i2
   Register : m_beep/time_cnt_3006__i1
   Register : key_3/cnt_3000__i0
   Register : key_3/cnt_3000__i17
   Register : key_3/cnt_3000__i16
   Register : key_3/cnt_3000__i15
   Register : key_3/cnt_3000__i14
   Register : key_3/cnt_3000__i13
   Register : key_3/cnt_3000__i12
   Register : key_3/cnt_3000__i11
   Register : key_3/cnt_3000__i10
   Register : key_3/cnt_3000__i9
   Register : key_3/cnt_3000__i8
   Register : key_3/cnt_3000__i7
   Register : key_3/cnt_3000__i6
   Register : key_3/cnt_3000__i5
   Register : key_3/cnt_3000__i4
   Register : key_3/cnt_3000__i3
   Register : key_3/cnt_3000__i2
   Register : key_3/cnt_3000__i1
   Register : oled1/cnt_i0_i15
   Register : oled1/cnt_i0_i14
   Register : oled1/cnt_i0_i0
   Register : oled1/cnt_i0_i13
   Register : oled1/cnt_i0_i12
   Register : oled1/cnt_i0_i11
   Register : oled1/cnt_i0_i10
   Register : oled1/cnt_i0_i9
   Register : oled1/cnt_main_i0_i1
   Register : oled1/cnt_i0_i8
   Register : oled1/cnt_i0_i7
   Register : oled1/cnt_i0_i6
   Register : oled1/cnt_i0_i5
   Register : oled1/cnt_i0_i4
   Register : oled1/cnt_i0_i3
   Register : oled1/cnt_i0_i2
   Register : oled1/cnt_i0_i1
   Register : oled1/state_i0_i5
   Register : oled1/state_i0_i4
   Register : oled1/state_i0_i3
   Register : oled1/state_i0_i2
   Register : oled1/num_3011__i6
   Register : oled1/num_3011__i5
   Register : oled1/num_3011__i4
   Register : oled1/num_3011__i3
   Register : oled1/num_3011__i1
   Register : oled1/cnt_main_i0_i0
   Register : oled1/cnt_main_i0_i2
   Register : oled1/cnt_main_i0_i3
   Register : oled1/cnt_main_i0_i4
   Register : oled1/cnt_init_i0_i1
   Register : oled1/cnt_init_i0_i2
   Register : oled1/cnt_init_i0_i3

                                   Page 18




Design:  top                                           Date:  02/24/21  11:16:44

GSR Usage (cont)
----------------
   Register : oled1/cnt_init_i0_i4
   Register : oled1/cnt_delay_i0_i0
   Register : oled1/char_i0_i0
   Register : oled1/x_ph_i0_i0
   Register : oled1/cnt_write_i0_i0
   Register : oled1/cnt_scan_i0_i1
   Register : oled1/cnt_write_i0_i2
   Register : oled1/cnt_write_i0_i3
   Register : oled1/cnt_write_i0_i4
   Register : oled1/x_ph_i0_i1
   Register : oled1/cnt_scan_i0_i2
   Register : oled1/char_i0_i1
   Register : oled1/char_i0_i2
   Register : oled1/char_i0_i3
   Register : oled1/cnt_delay_i0_i1
   Register : oled1/cnt_delay_i0_i2
   Register : oled1/cnt_delay_i0_i3
   Register : oled1/cnt_delay_i0_i4
   Register : oled1/cnt_delay_i0_i5
   Register : oled1/cnt_delay_i0_i6
   Register : oled1/cnt_delay_i0_i7
   Register : oled1/cnt_delay_i0_i8
   Register : oled1/cnt_delay_i0_i9
   Register : oled1/cnt_delay_i0_i10
   Register : oled1/cnt_delay_i0_i11
   Register : oled1/cnt_delay_i0_i12
   Register : oled1/cnt_delay_i0_i13
   Register : oled1/cnt_delay_i0_i14
   Register : oled1/cnt_delay_i0_i15
   Register : oled1/cnt_scan_i0_i3
   Register : oled1/cnt_write_i0_i1
   Register : oled1/cnt_scan_i0_i0
   Register : oled1/divide_1Hz/cnt_p_3010__i0
   Register : oled1/divide_1Hz/cnt_p_3010__i1
   Register : oled1/divide_1Hz/cnt_p_3010__i2
   Register : oled1/divide_1Hz/cnt_p_3010__i3
   Register : oled1/divide_1Hz/cnt_p_3010__i4
   Register : oled1/divide_1Hz/cnt_p_3010__i5
   Register : oled1/divide_1Hz/cnt_p_3010__i6
   Register : oled1/divide_1Hz/cnt_p_3010__i7
   Register : oled1/divide_1Hz/cnt_p_3010__i8
   Register : oled1/divide_1Hz/cnt_p_3010__i9
   Register : oled1/divide_1Hz/cnt_p_3010__i10
   Register : oled1/divide_1Hz/cnt_p_3010__i11
   Register : oled1/divide_1Hz/cnt_p_3010__i12
   Register : oled1/divide_1Hz/cnt_p_3010__i13
   Register : oled1/divide_1Hz/cnt_p_3010__i14
   Register : oled1/divide_1Hz/cnt_p_3010__i15
   Register : oled1/divide_1Hz/cnt_p_3010__i16
   Register : oled1/divide_1Hz/cnt_p_3010__i17
   Register : oled1/divide_1Hz/cnt_p_3010__i18
   Register : oled1/divide_1Hz/cnt_p_3010__i19
   Register : oled1/divide_1Hz/cnt_p_3010__i20
   Register : oled1/divide_1Hz/cnt_p_3010__i21
   Register : oled1/divide_1Hz/cnt_p_3010__i22
   Register : oled1/divide_1Hz/cnt_p_3010__i23

                                   Page 19




Design:  top                                           Date:  02/24/21  11:16:44

GSR Usage (cont)
----------------
   Register : oled1/divide_1Hz/cnt_p_3010__i24
   Register : oled1/divide_1Hz/cnt_p_3010__i25
   Register : oled1/divide_1Hz/cnt_p_3010__i26
   Register : oled1/divide_1Hz/cnt_p_3010__i27
   Register : oled1/divide_1Hz/cnt_p_3010__i28
   Register : oled1/divide_1Hz/cnt_p_3010__i29
   Register : oled1/divide_1Hz/cnt_p_3010__i30
   Register : oled1/divide_1Hz/cnt_p_3010__i31

Run Time and Memory Usage
-------------------------

   Total CPU Time: 1 secs  
   Total REAL Time: 2 secs  
   Peak Memory Usage: 63 MB
        









































                                   Page 20


Copyright (c) 1991-1994 by NeoCAD Inc. All rights reserved.
     Copyright (c) 1995 AT&T Corp.   All rights reserved.
     Copyright (c) 1995-2001 Lucent Technologies Inc.  All rights reserved.
     Copyright (c) 2001 Agere Systems   All rights reserved.
     Copyright (c) 2002-2019 Lattice Semiconductor Corporation,  All rights
     reserved.
